<?xml version="1.0" encoding="UTF-8"?>
<!-- Generated by org.testng.reporters.JUnitReportReporter -->
<testsuite skipped="1" hostname="DESKTOP-QSS6PTI" name="commonutilties.TestParame" tests="1" failures="0" timestamp="24 Aug 2017 20:04:16 GMT" time="0.000" errors="0">
  <testcase name="testLogin" time="0.000" classname="commonutilties.TestParame">
    <skipped/>
  </testcase> <!-- testLogin -->
</testsuite> <!-- commonutilties.TestParame -->
